make all --print-data-base --no-builtin-variables --no-builtin-rules --question
# GNU Make 3.81
# Copyright (C) 2006  Free Software Foundation, Inc.
# This is free software; see the source for copying conditions.
# There is NO warranty; not even for MERCHANTABILITY or FITNESS FOR A
# PARTICULAR PURPOSE.

# This program built for i386-apple-darwin11.3.0

# Make data base, printed on Mon Jul  4 22:54:48 2022

# Variables

# automatic
<D = $(patsubst %/,%,$(dir $<))
# automatic
?F = $(notdir $?)
# environment
DAYTONA_DIR = /Users/jonas/code/BMW/daytona
# environment
GREP_COLOR = 1;33
# environment
VSCODE_LOG_NATIVE = false
# makefile (from `Makefile', line 19)
RELATIVE = 0
# automatic
?D = $(patsubst %/,%,$(dir $?))
# makefile (from `Makefile', line 24)
SERVER = "0.0.0.0"
# automatic
@D = $(patsubst %/,%,$(dir $@))
# automatic
@F = $(notdir $@)
# makefile
CURDIR := /Users/jonas/code/private/jonastischer.com
# makefile
SHELL = /bin/sh
# environment
VSCODE_NLS_CONFIG = {"locale":"en-gb","availableLanguages":{},"_languagePackSupport":true}
# makefile (from `Makefile', line 1)
PY = 
# environment
_ = /usr/bin/make
# makefile (from `Makefile', line 1)
MAKEFILE_LIST :=  Makefile
# makefile (from `Makefile', line 14)
DEBUG = 0
# environment
VSCODE_VERBOSE_LOGGING = true
# environment
__CFBundleIdentifier = com.microsoft.VSCode
# environment
P9K_SSH = 0
# environment
VSCODE_IPC_HOOK_EXTHOST = /var/folders/6m/0x26yg1s2qqb3pnqc48pyp640000gn/T/vscode-ipc-9c944770-c25a-4a11-aa92-2cb6029f954d.sock
# environment
VSCODE_CWD = /
# environment
PATH = /Users/jonas/code/BMW/daytona/dev-tools/bin:/usr/local/bin:/usr/bin:/bin:/usr/sbin:/sbin
# makefile (from `Makefile', line 3)
PELICANOPTS = 
# environment
LSCOLORS = exfxcxdxbxegedabagacad
# makefile (from `Makefile', line 2)
PELICAN = pelican
# environment
VSCODE_LOG_STACK = false
# environment
ELECTRON_RUN_AS_NODE = 1
# makefile (from `Makefile', line 26)
PORT = 0
# default
.FEATURES := target-specific order-only second-expansion else-if archives jobserver check-symlink
# environment
LS_COLORS = di=34;40:ln=35;40:so=32;40:pi=33;40:ex=31;40:bd=34;46:cd=34;43:su=0;41:sg=0;46:tw=0;42:ow=0;43:
# environment
SSH_AUTH_SOCK = /private/tmp/com.apple.launchd.rBywNonb4n/Listeners
# automatic
%F = $(notdir $%)
# makefile (from `Makefile', line 7)
OUTPUTDIR = $(BASEDIR)/output
# environment
VSCODE_PIPE_LOGGING = true
# environment
PWD = /Users/jonas/code/private/jonastischer.com
# environment
ORIGINAL_XDG_CURRENT_DESKTOP = undefined
# environment
VSCODE_AMD_ENTRYPOINT = vs/workbench/api/node/extensionHostProcess
# environment
HOME = /Users/jonas
# default
MAKEFILEPATH = $(shell /usr/bin/xcode-select -print-path 2>/dev/null || echo /Developer)/Makefiles
# environment
VSCODE_CODE_CACHE_PATH = /Users/jonas/Library/Application Support/Code/CachedData/30d9c6cd9483b2cc586687151bcbcd635f373630
# environment
LOGNAME = jonas
# environment
APPLICATION_INSIGHTS_NO_DIAGNOSTIC_CHANNEL = 1
# environment
ZSH = /Users/jonas/.oh-my-zsh
# environment
VSCODE_HANDLES_UNCAUGHT_ERRORS = true
# automatic
^D = $(patsubst %/,%,$(dir $^))
# environment
XPC_FLAGS = 0x0
# default
MAKE = $(MAKE_COMMAND)
# default
MAKECMDGOALS := all
# makefile (from `Makefile', line 11)
GITHUB_PAGES_BRANCH = main
# environment
SHLVL = 1
# makefile (from `Makefile', line 6)
INPUTDIR = $(BASEDIR)/content
# default
MAKE_VERSION := 3.81
# environment
USER = jonas
# makefile
.DEFAULT_GOAL := help
# environment
LESS = -R
# automatic
%D = $(patsubst %/,%,$(dir $%))
# makefile (from `Makefile', line 9)
PUBLISHCONF = $(BASEDIR)/publishconf.py
# default
MAKE_COMMAND := /Library/Developer/CommandLineTools/usr/bin/make
# makefile (from `Makefile', line 5)
BASEDIR = $(CURDIR)
# default
.VARIABLES := 
# environment
TMPDIR = /var/folders/6m/0x26yg1s2qqb3pnqc48pyp640000gn/T/
# makefile (from `Makefile', line 8)
CONFFILE = $(BASEDIR)/pelicanconf.py
# automatic
*F = $(notdir $*)
# environment
VSCODE_IPC_HOOK = /Users/jonas/Library/Application Support/Code/1.68.1-main.sock
# makefile
MAKEFLAGS = Rrqp
# environment
MFLAGS = -Rrqp
# automatic
*D = $(patsubst %/,%,$(dir $*))
# environment
XPC_SERVICE_NAME = application.com.microsoft.VSCode.23577056.23577062
# automatic
+D = $(patsubst %/,%,$(dir $+))
# automatic
+F = $(notdir $+)
# environment
__CF_USER_TEXT_ENCODING = 0x1F5:0x0:0x2
# environment
COMMAND_MODE = unix2003
# default
MAKEFILES := 
# automatic
<F = $(notdir $<)
# environment
PAGER = less
# environment
LC_ALL = C
# environment
DAYTONA_DEVTOOLS_DIR = /Users/jonas/code/BMW/daytona/dev-tools
# automatic
^F = $(notdir $^)
# default
SUFFIXES := 
# default
.INCLUDE_DIRS = /usr/local/include
# environment
MAKELEVEL := 0
# environment
LANG = C
# environment
DOCKER_HOST = unix:///var/run/docker.sock
# environment
VSCODE_PID = 1472
# environment
DAYTONA_SHELL = zsh
# variable set hash-table stats:
# Load=86/1024=8%, Rehash=0, Collisions=6/119=5%

# Pattern-specific Variable Values

# No pattern-specific variable values.

# Directories

# . (device 16777222, inode 19495182): 20 files, no impossibilities.

# 20 files, no impossibilities in 1 directories.

# Implicit Rules

# No implicit rules.

# Files

# Not a target:
all:
#  Command-line target.
#  Implicit rule search has been done.
#  File does not exist.
#  File has not been updated.
# variable set hash-table stats:
# Load=0/32=0%, Rehash=0, Collisions=0/0=0%

.PHONY: html help clean regenerate serve serve-global devserver publish github
#  Implicit rule search has not been done.
#  Modification time never checked.
#  File has not been updated.

serve-global:
#  Phony target (prerequisite of .PHONY).
#  Implicit rule search has not been done.
#  File does not exist.
#  File has not been updated.
#  commands to execute (from `Makefile', line 63):
	"$(PELICAN)" -l "$(INPUTDIR)" -o "$(OUTPUTDIR)" -s "$(CONFFILE)" $(PELICANOPTS) -b $(SERVER)
	

# Not a target:
.SUFFIXES:
#  Implicit rule search has not been done.
#  Modification time never checked.
#  File has not been updated.

# Not a target:
Makefile:
#  Implicit rule search has been done.
#  Last modified 2022-04-22 13:12:12
#  File has been updated.
#  Successfully updated.
# variable set hash-table stats:
# Load=0/32=0%, Rehash=0, Collisions=0/0=0%

help:
#  Phony target (prerequisite of .PHONY).
#  Implicit rule search has not been done.
#  File does not exist.
#  File has not been updated.
#  commands to execute (from `Makefile', line 33):
	@echo 'Makefile for a pelican Web site                                           '
	@echo '                                                                          '
	@echo 'Usage:                                                                    '
	@echo '   make html                           (re)generate the web site          '
	@echo '   make clean                          remove the generated files         '
	@echo '   make regenerate                     regenerate files upon modification '
	@echo '   make publish                        generate using production settings '
	@echo '   make serve [PORT=8000]              serve site at http://localhost:8000'
	@echo '   make serve-global [SERVER=0.0.0.0]  serve (as root) to $(SERVER):80    '
	@echo '   make devserver [PORT=8000]          serve and regenerate together      '
	@echo '   make devserver-global               regenerate and serve on 0.0.0.0    '
	@echo '   make github                         upload the web site via gh-pages   '
	@echo '                                                                          '
	@echo 'Set the DEBUG variable to 1 to enable debugging, e.g. make DEBUG=1 html   '
	@echo 'Set the RELATIVE variable to 1 to enable relative urls                    '
	@echo '                                                                          '
	

# Not a target:
.DEFAULT:
#  Implicit rule search has not been done.
#  Modification time never checked.
#  File has not been updated.

publish:
#  Phony target (prerequisite of .PHONY).
#  Implicit rule search has not been done.
#  File does not exist.
#  File has not been updated.
#  commands to execute (from `Makefile', line 72):
	"$(PELICAN)" "$(INPUTDIR)" -o "$(OUTPUTDIR)" -s "$(PUBLISHCONF)" $(PELICANOPTS)
	

devserver:
#  Phony target (prerequisite of .PHONY).
 
make: *** No rule to make target `all'.  Stop.

#  Implicit rule search has not been done.
#  File does not exist.
#  File has not been updated.
#  commands to execute (from `Makefile', line 66):
	"$(PELICAN)" -lr "$(INPUTDIR)" -o "$(OUTPUTDIR)" -s "$(CONFFILE)" $(PELICANOPTS)
	

clean:
#  Phony target (prerequisite of .PHONY).
#  Implicit rule search has not been done.
#  File does not exist.
#  File has not been updated.
#  commands to execute (from `Makefile', line 54):
	[ ! -d "$(OUTPUTDIR)" ] || rm -rf "$(OUTPUTDIR)"
	

regenerate:
#  Phony target (prerequisite of .PHONY).
#  Implicit rule search has not been done.
#  File does not exist.
#  File has not been updated.
#  commands to execute (from `Makefile', line 57):
	"$(PELICAN)" -r "$(INPUTDIR)" -o "$(OUTPUTDIR)" -s "$(CONFFILE)" $(PELICANOPTS)
	

html:
#  Phony target (prerequisite of .PHONY).
#  Implicit rule search has not been done.
#  File does not exist.
#  File has not been updated.
#  commands to execute (from `Makefile', line 51):
	"$(PELICAN)" "$(INPUTDIR)" -o "$(OUTPUTDIR)" -s "$(CONFFILE)" $(PELICANOPTS)
	

serve:
#  Phony target (prerequisite of .PHONY).
#  Implicit rule search has not been done.
#  File does not exist.
#  File has not been updated.
#  commands to execute (from `Makefile', line 60):
	"$(PELICAN)" -l "$(INPUTDIR)" -o "$(OUTPUTDIR)" -s "$(CONFFILE)" $(PELICANOPTS)
	

devserver-global:
#  Implicit rule search has not been done.
#  Modification time never checked.
#  File has not been updated.
#  commands to execute (from `Makefile', line 69):
	$(PELICAN) -lr $(INPUTDIR) -o $(OUTPUTDIR) -s $(CONFFILE) $(PELICANOPTS) -b 0.0.0.0
	

github: publish
#  Phony target (prerequisite of .PHONY).
#  Implicit rule search has not been done.
#  File does not exist.
#  File has not been updated.
#  commands to execute (from `Makefile', line 75):
	ghp-import -m "Generate Pelican site" -b $(GITHUB_PAGES_BRANCH) "$(OUTPUTDIR)"
	git push origin $(GITHUB_PAGES_BRANCH)
	

# files hash-table stats:
# Load=15/1024=1%, Rehash=0, Collisions=0/37=0%
# VPATH Search Paths

# No `vpath' search paths.

# No general (`VPATH' variable) search path.

# # of strings in strcache: 1
# # of strcache buffers: 1
# strcache size: total = 4096 / max = 4096 / min = 4096 / avg = 4096
# strcache free: total = 4087 / max = 4087 / min = 4087 / avg = 4087

# Finished Make data base on Mon Jul  4 22:54:48 2022

 
